mode: set
rich_chat/server_api/database/cached_user_repository.go:18.93,23.2 1 1
rich_chat/server_api/database/cached_user_repository.go:26.87,28.16 2 1
rich_chat/server_api/database/cached_user_repository.go:28.16,30.3 1 1
rich_chat/server_api/database/cached_user_repository.go:33.2,40.20 5 1
rich_chat/server_api/database/cached_user_repository.go:44.64,47.51 2 1
rich_chat/server_api/database/cached_user_repository.go:47.51,48.24 1 1
rich_chat/server_api/database/cached_user_repository.go:48.24,54.4 2 1
rich_chat/server_api/database/cached_user_repository.go:58.2,59.16 2 1
rich_chat/server_api/database/cached_user_repository.go:59.16,63.3 2 1
rich_chat/server_api/database/cached_user_repository.go:66.2,67.18 2 1
rich_chat/server_api/database/cached_user_repository.go:71.79,75.51 2 1
rich_chat/server_api/database/cached_user_repository.go:75.51,76.19 1 1
rich_chat/server_api/database/cached_user_repository.go:76.19,82.4 2 1
rich_chat/server_api/database/cached_user_repository.go:84.3,87.34 1 1
rich_chat/server_api/database/cached_user_repository.go:91.2,92.16 2 1
rich_chat/server_api/database/cached_user_repository.go:92.16,96.3 2 0
rich_chat/server_api/database/cached_user_repository.go:99.2,105.18 4 1
rich_chat/server_api/database/cached_user_repository.go:109.65,112.51 2 1
rich_chat/server_api/database/cached_user_repository.go:112.51,119.3 3 1
rich_chat/server_api/database/cached_user_repository.go:122.2,123.16 2 1
rich_chat/server_api/database/cached_user_repository.go:123.16,125.3 1 1
rich_chat/server_api/database/cached_user_repository.go:128.2,128.12 1 1
rich_chat/server_api/database/cached_user_repository.go:128.12,130.3 1 1
rich_chat/server_api/database/cached_user_repository.go:130.8,132.3 1 0
rich_chat/server_api/database/cached_user_repository.go:134.2,134.20 1 1
rich_chat/server_api/database/cached_user_repository.go:138.80,142.51 2 0
rich_chat/server_api/database/cached_user_repository.go:142.51,143.19 1 0
rich_chat/server_api/database/cached_user_repository.go:143.19,149.4 2 0
rich_chat/server_api/database/cached_user_repository.go:151.3,155.19 2 0
rich_chat/server_api/database/cached_user_repository.go:159.2,160.16 2 0
rich_chat/server_api/database/cached_user_repository.go:160.16,162.3 1 0
rich_chat/server_api/database/cached_user_repository.go:165.2,165.12 1 0
rich_chat/server_api/database/cached_user_repository.go:165.12,167.3 1 0
rich_chat/server_api/database/cached_user_repository.go:167.8,169.3 1 0
rich_chat/server_api/database/cached_user_repository.go:171.2,171.20 1 0
rich_chat/server_api/database/cached_user_repository.go:175.78,178.51 2 1
rich_chat/server_api/database/cached_user_repository.go:178.51,179.19 1 1
rich_chat/server_api/database/cached_user_repository.go:179.19,185.4 2 1
rich_chat/server_api/database/cached_user_repository.go:187.3,189.17 3 1
rich_chat/server_api/database/cached_user_repository.go:189.17,195.4 2 0
rich_chat/server_api/database/cached_user_repository.go:197.3,201.24 2 1
rich_chat/server_api/database/cached_user_repository.go:205.2,206.16 2 1
rich_chat/server_api/database/cached_user_repository.go:206.16,209.3 2 0
rich_chat/server_api/database/cached_user_repository.go:212.2,213.16 2 1
rich_chat/server_api/database/cached_user_repository.go:213.16,219.3 2 0
rich_chat/server_api/database/cached_user_repository.go:221.2,222.22 2 1
rich_chat/server_api/database/cached_user_repository.go:226.83,228.16 2 0
rich_chat/server_api/database/cached_user_repository.go:228.16,230.3 1 0
rich_chat/server_api/database/cached_user_repository.go:233.2,234.12 2 0
rich_chat/server_api/database/cached_user_repository.go:238.66,240.2 1 0
rich_chat/server_api/database/cached_user_repository.go:243.96,245.2 1 0
rich_chat/server_api/database/cached_user_repository.go:248.61,251.31 2 1
rich_chat/server_api/database/cached_user_repository.go:251.31,257.3 4 1
rich_chat/server_api/database/cached_user_repository.go:260.2,261.16 2 1
rich_chat/server_api/database/cached_user_repository.go:261.16,263.3 1 1
rich_chat/server_api/database/cached_user_repository.go:265.2,265.12 1 1
rich_chat/server_api/database/cached_user_repository.go:269.85,271.2 1 0
rich_chat/server_api/database/cached_user_repository.go:274.74,276.2 1 0
rich_chat/server_api/database/database_service.go:25.20,46.2 5 0
rich_chat/server_api/database/database_service.go:49.63,51.2 1 0
rich_chat/server_api/database/database_service.go:54.73,56.2 1 0
rich_chat/server_api/database/database_service.go:59.65,61.2 1 0
rich_chat/server_api/database/database_service.go:64.45,66.2 1 0
rich_chat/server_api/database/database_service.go:69.97,78.16 3 0
rich_chat/server_api/database/database_service.go:78.16,80.3 1 0
rich_chat/server_api/database/database_service.go:81.2,94.21 8 0
rich_chat/server_api/database/initialize.go:42.73,51.16 3 0
rich_chat/server_api/database/initialize.go:51.16,53.3 1 0
rich_chat/server_api/database/initialize.go:54.2,66.3 6 0
rich_chat/server_api/database/mocks.go:14.85,17.2 2 1
rich_chat/server_api/database/mocks.go:19.62,21.24 2 1
rich_chat/server_api/database/mocks.go:21.24,23.3 1 1
rich_chat/server_api/database/mocks.go:24.2,24.43 1 1
rich_chat/server_api/database/mocks.go:27.77,29.24 2 1
rich_chat/server_api/database/mocks.go:29.24,31.3 1 0
rich_chat/server_api/database/mocks.go:32.2,32.43 1 1
rich_chat/server_api/database/mocks.go:35.63,38.2 2 1
rich_chat/server_api/database/mocks.go:40.78,43.2 2 0
rich_chat/server_api/database/mocks.go:45.76,47.24 2 1
rich_chat/server_api/database/mocks.go:47.24,49.3 1 0
rich_chat/server_api/database/mocks.go:50.2,50.47 1 1
rich_chat/server_api/database/mocks.go:53.81,56.2 2 0
rich_chat/server_api/database/mocks.go:58.64,61.2 2 0
rich_chat/server_api/database/mocks.go:63.94,66.2 2 1
rich_chat/server_api/database/mocks.go:68.59,71.2 2 1
rich_chat/server_api/database/mocks.go:73.83,75.24 2 1
rich_chat/server_api/database/mocks.go:75.24,77.3 1 0
rich_chat/server_api/database/mocks.go:78.2,78.48 1 1
rich_chat/server_api/database/mocks.go:81.72,84.2 2 1
rich_chat/server_api/database/mocks.go:91.92,94.2 2 0
rich_chat/server_api/database/mocks.go:96.87,99.2 2 0
rich_chat/server_api/database/mocks.go:101.74,104.2 2 0
rich_chat/server_api/database/mocks.go:106.75,109.2 2 0
rich_chat/server_api/database/mocks.go:111.92,114.2 2 0
rich_chat/server_api/database/mocks.go:121.87,124.2 2 0
rich_chat/server_api/database/mocks.go:126.81,129.2 2 0
rich_chat/server_api/database/mocks.go:136.59,139.2 2 1
rich_chat/server_api/database/mocks.go:141.51,143.2 1 1
rich_chat/server_api/database/mocks.go:145.74,147.2 1 1
rich_chat/server_api/database/mocks.go:149.47,151.2 1 1
rich_chat/server_api/database/mocks.go:153.56,156.2 2 1
rich_chat/server_api/database/mocks.go:158.73,160.2 1 1
rich_chat/server_api/database/mocks.go:162.48,164.2 1 0
rich_chat/server_api/database/redis_adapter.go:16.68,20.2 1 0
rich_chat/server_api/database/redis_adapter.go:23.60,25.2 1 0
rich_chat/server_api/database/redis_adapter.go:28.52,30.2 1 0
rich_chat/server_api/database/redis_adapter.go:33.75,35.2 1 0
rich_chat/server_api/database/redis_adapter.go:38.48,40.2 1 0
rich_chat/server_api/database/redis_adapter.go:43.57,45.2 1 0
rich_chat/server_api/database/redis_adapter.go:48.74,50.2 1 0
rich_chat/server_api/database/redis_adapter.go:53.49,55.2 1 0
rich_chat/server_api/database/redis_adapter.go:65.120,71.2 1 1
rich_chat/server_api/database/redis_adapter.go:74.93,78.13 3 1
rich_chat/server_api/database/redis_adapter.go:78.13,84.17 3 1
rich_chat/server_api/database/redis_adapter.go:84.17,89.4 1 0
rich_chat/server_api/database/redis_adapter.go:90.8,96.46 3 1
rich_chat/server_api/database/redis_adapter.go:96.46,110.18 6 1
rich_chat/server_api/database/redis_adapter.go:110.18,115.5 1 0
rich_chat/server_api/database/redis_adapter.go:119.2,119.12 1 1
rich_chat/server_api/database/redis_adapter.go:123.88,126.48 2 1
rich_chat/server_api/database/redis_adapter.go:126.48,128.3 1 1
rich_chat/server_api/database/redis_adapter.go:131.2,132.16 2 1
rich_chat/server_api/database/redis_adapter.go:132.16,138.3 2 0
rich_chat/server_api/database/redis_adapter.go:141.2,141.22 1 1
rich_chat/server_api/database/redis_adapter.go:141.22,143.3 1 1
rich_chat/server_api/database/redis_adapter.go:146.2,146.34 1 1
rich_chat/server_api/database/redis_adapter.go:146.34,149.17 2 1
rich_chat/server_api/database/redis_adapter.go:149.17,154.4 1 0
rich_chat/server_api/database/redis_adapter.go:154.9,159.4 1 1
rich_chat/server_api/database/redis_adapter.go:162.3,165.20 3 1
rich_chat/server_api/database/redis_adapter.go:169.2,169.18 1 1
rich_chat/server_api/database/redis_adapter.go:173.75,180.16 3 1
rich_chat/server_api/database/redis_adapter.go:180.16,182.3 1 1
rich_chat/server_api/database/redis_adapter.go:184.2,184.19 1 1
rich_chat/server_api/database/redis_adapter.go:188.76,193.11 3 0
rich_chat/server_api/database/redis_adapter.go:193.11,195.31 1 0
rich_chat/server_api/database/redis_adapter.go:195.31,201.4 2 0
rich_chat/server_api/database/redis_adapter.go:203.3,203.20 1 0
rich_chat/server_api/database/redis_adapter.go:209.2,209.19 1 0
rich_chat/server_api/database/redis_adapter.go:213.93,236.2 8 1
rich_chat/server_api/database/safe_policy.go:11.66,16.12 3 0
rich_chat/server_api/database/safe_policy.go:16.12,22.3 2 0
rich_chat/server_api/database/safe_policy.go:25.2,27.23 2 0
rich_chat/server_api/database/safe_policy.go:31.76,36.13 3 0
rich_chat/server_api/database/safe_policy.go:36.13,39.3 1 0
rich_chat/server_api/database/safe_policy.go:39.8,45.44 3 0
rich_chat/server_api/database/safe_policy.go:45.44,53.4 2 0
rich_chat/server_api/database/safe_policy.go:57.2,57.13 1 0
rich_chat/server_api/database/safe_policy.go:57.13,63.17 2 0
rich_chat/server_api/database/safe_policy.go:63.17,68.4 1 0
rich_chat/server_api/database/safe_policy.go:68.9,73.4 1 0
rich_chat/server_api/database/safe_policy.go:74.8,78.53 3 0
rich_chat/server_api/database/safe_policy.go:78.53,87.18 2 0
rich_chat/server_api/database/safe_policy.go:87.18,92.5 1 0
rich_chat/server_api/database/safe_policy.go:92.10,98.5 1 0
rich_chat/server_api/database/safe_policy.go:104.65,108.11 3 0
rich_chat/server_api/database/safe_policy.go:108.11,111.3 1 0
rich_chat/server_api/database/safe_policy.go:114.2,120.16 3 0
rich_chat/server_api/database/safe_policy.go:120.16,126.3 2 0
rich_chat/server_api/database/safe_policy.go:129.2,129.22 1 0
rich_chat/server_api/database/safe_policy.go:129.22,131.3 1 0
rich_chat/server_api/database/safe_policy.go:134.2,140.16 3 0
rich_chat/server_api/database/safe_policy.go:140.16,146.3 2 0
rich_chat/server_api/database/safe_policy.go:149.2,149.17 1 0
rich_chat/server_api/database/safe_policy.go:149.17,154.17 2 0
rich_chat/server_api/database/safe_policy.go:154.17,159.4 1 0
rich_chat/server_api/database/safe_policy.go:159.9,164.4 1 0
rich_chat/server_api/database/safe_policy.go:167.3,172.15 5 0
rich_chat/server_api/database/safe_policy.go:176.2,176.13 1 0
rich_chat/server_api/database/safe_policy.go:180.55,187.16 3 0
rich_chat/server_api/database/safe_policy.go:187.16,189.3 1 0
rich_chat/server_api/database/safe_policy.go:191.2,191.14 1 0
rich_chat/server_api/database/safe_policy.go:195.53,200.11 3 0
rich_chat/server_api/database/safe_policy.go:200.11,202.31 1 0
rich_chat/server_api/database/safe_policy.go:202.31,208.4 2 0
rich_chat/server_api/database/safe_policy.go:210.3,210.15 1 0
rich_chat/server_api/database/safe_policy.go:214.2,229.16 3 0
rich_chat/server_api/database/safe_policy.go:229.16,235.3 3 0
rich_chat/server_api/database/safe_policy.go:238.2,238.34 1 0
rich_chat/server_api/database/safe_policy.go:238.34,246.3 3 0
rich_chat/server_api/database/safe_policy.go:248.2,251.16 2 0
rich_chat/server_api/database/safe_policy.go:251.16,256.3 1 0
rich_chat/server_api/database/safe_policy.go:258.2,258.14 1 0
rich_chat/server_api/database/safe_policy.go:263.89,271.16 3 0
rich_chat/server_api/database/safe_policy.go:271.16,278.3 2 0
rich_chat/server_api/database/safe_policy.go:281.2,302.12 8 0
rich_chat/server_api/database/token_repository.go:17.91,22.2 1 1
rich_chat/server_api/database/token_repository.go:25.88,36.2 5 1
rich_chat/server_api/database/token_repository.go:39.82,44.12 3 1
rich_chat/server_api/database/token_repository.go:44.12,50.3 2 1
rich_chat/server_api/database/token_repository.go:53.2,55.28 2 1
rich_chat/server_api/database/user_repository.go:17.69,21.2 1 0
rich_chat/server_api/database/user_repository.go:24.89,38.16 3 0
rich_chat/server_api/database/user_repository.go:38.16,44.3 2 0
rich_chat/server_api/database/user_repository.go:46.2,51.20 2 0
rich_chat/server_api/database/user_repository.go:55.66,58.16 3 0
rich_chat/server_api/database/user_repository.go:58.16,60.3 1 0
rich_chat/server_api/database/user_repository.go:61.2,61.19 1 0
rich_chat/server_api/database/user_repository.go:65.81,68.16 3 0
rich_chat/server_api/database/user_repository.go:68.16,70.3 1 0
rich_chat/server_api/database/user_repository.go:71.2,71.19 1 0
rich_chat/server_api/database/user_repository.go:75.67,78.16 3 0
rich_chat/server_api/database/user_repository.go:78.16,80.3 1 0
rich_chat/server_api/database/user_repository.go:81.2,81.20 1 0
rich_chat/server_api/database/user_repository.go:85.82,88.16 3 0
rich_chat/server_api/database/user_repository.go:88.16,90.3 1 0
rich_chat/server_api/database/user_repository.go:91.2,91.20 1 0
rich_chat/server_api/database/user_repository.go:95.80,101.16 3 0
rich_chat/server_api/database/user_repository.go:101.16,103.3 1 0
rich_chat/server_api/database/user_repository.go:105.2,105.23 1 0
rich_chat/server_api/database/user_repository.go:109.85,115.26 2 0
rich_chat/server_api/database/user_repository.go:115.26,117.3 1 0
rich_chat/server_api/database/user_repository.go:119.2,123.16 2 0
rich_chat/server_api/database/user_repository.go:123.16,125.3 1 0
rich_chat/server_api/database/user_repository.go:127.2,127.12 1 0
rich_chat/server_api/database/user_repository.go:131.68,133.16 2 0
rich_chat/server_api/database/user_repository.go:133.16,135.3 1 0
rich_chat/server_api/database/user_repository.go:136.2,136.12 1 0
rich_chat/server_api/database/user_repository.go:140.98,141.22 1 0
rich_chat/server_api/database/user_repository.go:141.22,147.17 2 0
rich_chat/server_api/database/user_repository.go:147.17,149.4 1 0
rich_chat/server_api/database/user_repository.go:150.8,156.17 2 0
rich_chat/server_api/database/user_repository.go:156.17,158.4 1 0
rich_chat/server_api/database/user_repository.go:160.2,160.12 1 0
rich_chat/server_api/database/user_repository.go:164.63,166.16 2 0
rich_chat/server_api/database/user_repository.go:166.16,168.3 1 0
rich_chat/server_api/database/user_repository.go:170.2,174.12 2 0
rich_chat/server_api/database/user_repository.go:178.87,185.16 3 0
rich_chat/server_api/database/user_repository.go:185.16,187.3 1 0
rich_chat/server_api/database/user_repository.go:189.2,189.23 1 0
rich_chat/server_api/database/user_repository.go:193.76,198.16 2 0
rich_chat/server_api/database/user_repository.go:198.16,200.3 1 0
rich_chat/server_api/database/user_repository.go:201.2,201.12 1 0
rich_chat/server_api/service/auth_service.go:35.20,42.2 1 1
rich_chat/server_api/service/auth_service.go:45.97,47.46 1 1
rich_chat/server_api/service/auth_service.go:47.46,49.3 1 1
rich_chat/server_api/service/auth_service.go:52.2,52.80 1 1
rich_chat/server_api/service/auth_service.go:52.80,54.3 1 1
rich_chat/server_api/service/auth_service.go:57.2,57.28 1 1
rich_chat/server_api/service/auth_service.go:57.28,59.13 2 1
rich_chat/server_api/service/auth_service.go:59.13,64.4 2 1
rich_chat/server_api/service/auth_service.go:68.2,69.16 2 1
rich_chat/server_api/service/auth_service.go:69.16,76.29 2 1
rich_chat/server_api/service/auth_service.go:76.29,78.4 1 1
rich_chat/server_api/service/auth_service.go:80.3,80.33 1 1
rich_chat/server_api/service/auth_service.go:84.2,84.103 1 1
rich_chat/server_api/service/auth_service.go:84.103,91.29 2 1
rich_chat/server_api/service/auth_service.go:91.29,93.4 1 1
rich_chat/server_api/service/auth_service.go:95.3,95.33 1 1
rich_chat/server_api/service/auth_service.go:99.2,99.28 1 1
rich_chat/server_api/service/auth_service.go:99.28,101.3 1 1
rich_chat/server_api/service/auth_service.go:104.2,108.16 3 1
rich_chat/server_api/service/auth_service.go:108.16,114.3 2 0
rich_chat/server_api/service/auth_service.go:116.2,124.8 2 1
rich_chat/server_api/service/auth_service.go:128.106,130.46 1 1
rich_chat/server_api/service/auth_service.go:130.46,132.3 1 1
rich_chat/server_api/service/auth_service.go:135.2,135.80 1 1
rich_chat/server_api/service/auth_service.go:135.80,137.3 1 0
rich_chat/server_api/service/auth_service.go:140.2,140.52 1 1
rich_chat/server_api/service/auth_service.go:140.52,143.3 1 1
rich_chat/server_api/service/auth_service.go:146.2,147.16 2 1
rich_chat/server_api/service/auth_service.go:147.16,153.3 2 0
rich_chat/server_api/service/auth_service.go:154.2,154.12 1 1
rich_chat/server_api/service/auth_service.go:154.12,156.3 1 1
rich_chat/server_api/service/auth_service.go:159.2,160.16 2 1
rich_chat/server_api/service/auth_service.go:160.16,166.3 2 0
rich_chat/server_api/service/auth_service.go:169.2,170.16 2 1
rich_chat/server_api/service/auth_service.go:170.16,173.57 1 1
rich_chat/server_api/service/auth_service.go:173.57,175.4 1 1
rich_chat/server_api/service/auth_service.go:177.3,181.59 2 0
rich_chat/server_api/service/auth_service.go:185.2,186.16 2 1
rich_chat/server_api/service/auth_service.go:186.16,192.3 2 0
rich_chat/server_api/service/auth_service.go:194.2,202.8 2 1
rich_chat/server_api/service/auth_service.go:206.69,208.2 1 0
rich_chat/server_api/service/auth_service.go:211.65,213.2 1 0
rich_chat/server_api/service/auth_service.go:216.67,218.2 1 0
rich_chat/server_api/service/factory.go:28.13,61.2 9 0
rich_chat/server_api/service/mocks.go:14.94,17.2 2 1
rich_chat/server_api/service/mocks.go:19.72,22.2 2 0
rich_chat/server_api/service/mocks.go:24.90,27.2 2 0
rich_chat/server_api/service/mocks.go:29.72,32.2 2 1
rich_chat/server_api/service/token_service.go:29.97,34.2 1 1
rich_chat/server_api/service/token_service.go:43.94,57.16 5 1
rich_chat/server_api/service/token_service.go:57.16,63.3 2 0
rich_chat/server_api/service/token_service.go:65.2,69.25 2 1
rich_chat/server_api/service/token_service.go:73.72,75.44 2 1
rich_chat/server_api/service/token_service.go:75.44,80.3 2 0
rich_chat/server_api/service/token_service.go:81.2,81.39 1 1
rich_chat/server_api/service/token_service.go:85.90,87.16 2 1
rich_chat/server_api/service/token_service.go:87.16,93.3 2 0
rich_chat/server_api/service/token_service.go:95.2,100.12 2 1
rich_chat/server_api/service/token_service.go:104.72,105.17 1 1
rich_chat/server_api/service/token_service.go:105.17,107.3 1 1
rich_chat/server_api/service/token_service.go:109.2,110.16 2 1
rich_chat/server_api/service/token_service.go:110.16,116.3 2 1
rich_chat/server_api/service/token_service.go:118.2,118.12 1 1
rich_chat/server_api/service/token_service.go:118.12,123.3 2 1
rich_chat/server_api/service/token_service.go:125.2,125.12 1 1
rich_chat/server_api/service/user_service.go:23.20,28.2 1 1
rich_chat/server_api/service/user_service.go:31.103,34.16 2 1
rich_chat/server_api/service/user_service.go:34.16,40.3 2 1
rich_chat/server_api/service/user_service.go:41.2,41.13 1 1
rich_chat/server_api/service/user_service.go:41.13,43.3 1 1
rich_chat/server_api/service/user_service.go:46.2,47.16 2 1
rich_chat/server_api/service/user_service.go:47.16,53.3 2 1
rich_chat/server_api/service/user_service.go:55.2,55.21 1 1
rich_chat/server_api/service/user_service.go:59.103,61.38 1 1
rich_chat/server_api/service/user_service.go:61.38,63.3 1 1
rich_chat/server_api/service/user_service.go:66.2,67.16 2 1
rich_chat/server_api/service/user_service.go:67.16,73.3 2 0
rich_chat/server_api/service/user_service.go:74.2,74.13 1 1
rich_chat/server_api/service/user_service.go:74.13,76.3 1 1
rich_chat/server_api/service/user_service.go:79.2,80.16 2 1
rich_chat/server_api/service/user_service.go:80.16,87.3 2 1
rich_chat/server_api/service/user_service.go:89.2,94.12 2 1
rich_chat/server_api/service/user_service.go:98.89,100.24 1 1
rich_chat/server_api/service/user_service.go:100.24,102.3 1 1
rich_chat/server_api/service/user_service.go:104.2,107.28 2 1
rich_chat/server_api/service/user_service.go:107.28,109.13 2 1
rich_chat/server_api/service/user_service.go:109.13,114.4 2 1
rich_chat/server_api/service/user_service.go:118.2,119.16 2 1
rich_chat/server_api/service/user_service.go:119.16,126.29 2 1
rich_chat/server_api/service/user_service.go:126.29,128.4 1 1
rich_chat/server_api/service/user_service.go:130.3,130.25 1 1
rich_chat/server_api/service/user_service.go:134.2,134.103 1 1
rich_chat/server_api/service/user_service.go:134.103,140.29 2 1
rich_chat/server_api/service/user_service.go:140.29,142.4 1 1
rich_chat/server_api/service/user_service.go:144.3,144.28 1 1
rich_chat/server_api/service/user_service.go:148.2,148.28 1 1
rich_chat/server_api/service/user_service.go:148.28,150.3 1 1
rich_chat/server_api/service/user_service.go:153.2,154.16 2 1
rich_chat/server_api/service/user_service.go:154.16,160.3 2 0
rich_chat/server_api/service/user_service.go:162.2,166.12 2 1
rich_chat/server_api/service/user_service.go:170.70,171.28 1 1
rich_chat/server_api/service/user_service.go:171.28,173.3 1 1
rich_chat/server_api/service/user_service.go:175.2,176.15 2 1
rich_chat/server_api/service/user_service.go:180.69,182.2 1 1
