mode: set
rich_chat/lang_pack_load/lang_pack_load.go:15.66,23.2 2 1
rich_chat/lang_pack_load/lang_pack_load.go:25.32,28.2 2 1
rich_chat/lang_pack_load/lang_pack_load.go:30.46,34.2 3 1
rich_chat/client/api_client.go:55.109,61.2 1 0
rich_chat/client/api_client.go:64.58,66.16 2 0
rich_chat/client/api_client.go:66.16,68.3 1 0
rich_chat/client/api_client.go:70.2,70.30 1 0
rich_chat/client/api_client.go:70.30,72.3 1 0
rich_chat/client/api_client.go:74.2,75.64 2 0
rich_chat/client/api_client.go:75.64,77.3 1 0
rich_chat/client/api_client.go:79.2,80.13 2 0
rich_chat/client/api_client.go:80.13,82.3 1 0
rich_chat/client/api_client.go:84.2,85.9 2 0
rich_chat/client/api_client.go:85.9,87.3 1 0
rich_chat/client/api_client.go:89.2,89.28 1 0
rich_chat/client/api_client.go:93.94,102.16 2 0
rich_chat/client/api_client.go:102.16,104.3 1 0
rich_chat/client/api_client.go:106.2,106.30 1 0
rich_chat/client/api_client.go:106.30,108.3 1 0
rich_chat/client/api_client.go:110.2,110.30 1 0
rich_chat/client/api_client.go:110.30,112.65 2 0
rich_chat/client/api_client.go:112.65,114.17 2 0
rich_chat/client/api_client.go:114.17,116.5 1 0
rich_chat/client/api_client.go:117.4,117.17 1 0
rich_chat/client/api_client.go:117.17,119.5 1 0
rich_chat/client/api_client.go:121.3,121.92 1 0
rich_chat/client/api_client.go:124.2,125.63 2 0
rich_chat/client/api_client.go:125.63,127.3 1 0
rich_chat/client/api_client.go:129.2,129.23 1 0
rich_chat/client/api_client.go:133.97,142.16 2 0
rich_chat/client/api_client.go:142.16,144.3 1 0
rich_chat/client/api_client.go:146.2,146.30 1 0
rich_chat/client/api_client.go:146.30,148.3 1 0
rich_chat/client/api_client.go:150.2,150.30 1 0
rich_chat/client/api_client.go:150.30,152.3 1 0
rich_chat/client/api_client.go:154.2,154.30 1 0
rich_chat/client/api_client.go:154.30,156.65 2 0
rich_chat/client/api_client.go:156.65,158.17 2 0
rich_chat/client/api_client.go:158.17,160.5 1 0
rich_chat/client/api_client.go:161.4,161.17 1 0
rich_chat/client/api_client.go:161.17,163.5 1 0
rich_chat/client/api_client.go:165.3,165.95 1 0
rich_chat/client/api_client.go:168.2,169.63 2 0
rich_chat/client/api_client.go:169.63,171.3 1 0
rich_chat/client/api_client.go:173.2,173.23 1 0
rich_chat/client/api_client.go:177.80,185.16 2 0
rich_chat/client/api_client.go:185.16,187.3 1 0
rich_chat/client/api_client.go:189.2,189.30 1 0
rich_chat/client/api_client.go:189.30,191.3 1 0
rich_chat/client/api_client.go:193.2,193.30 1 0
rich_chat/client/api_client.go:193.30,195.65 2 0
rich_chat/client/api_client.go:195.65,197.17 2 0
rich_chat/client/api_client.go:197.17,199.5 1 0
rich_chat/client/api_client.go:200.4,200.17 1 0
rich_chat/client/api_client.go:200.17,202.5 1 0
rich_chat/client/api_client.go:204.3,204.96 1 0
rich_chat/client/api_client.go:207.2,207.12 1 0
rich_chat/client/api_client.go:211.95,218.16 2 0
rich_chat/client/api_client.go:218.16,220.3 1 0
rich_chat/client/api_client.go:222.2,222.30 1 0
rich_chat/client/api_client.go:222.30,224.3 1 0
rich_chat/client/api_client.go:226.2,226.30 1 0
rich_chat/client/api_client.go:226.30,228.65 2 0
rich_chat/client/api_client.go:228.65,230.17 2 0
rich_chat/client/api_client.go:230.17,232.5 1 0
rich_chat/client/api_client.go:233.4,233.17 1 0
rich_chat/client/api_client.go:233.17,235.5 1 0
rich_chat/client/api_client.go:237.3,237.96 1 0
rich_chat/client/api_client.go:240.2,241.67 2 0
rich_chat/client/api_client.go:241.67,243.3 1 0
rich_chat/client/api_client.go:245.2,245.27 1 0
rich_chat/client/api_client.go:249.89,258.16 2 0
rich_chat/client/api_client.go:258.16,260.3 1 0
rich_chat/client/api_client.go:262.2,262.30 1 0
rich_chat/client/api_client.go:262.30,264.3 1 0
rich_chat/client/api_client.go:266.2,266.30 1 0
rich_chat/client/api_client.go:266.30,268.65 2 0
rich_chat/client/api_client.go:268.65,270.17 2 0
rich_chat/client/api_client.go:270.17,272.5 1 0
rich_chat/client/api_client.go:273.4,273.17 1 0
rich_chat/client/api_client.go:273.17,275.5 1 0
rich_chat/client/api_client.go:277.3,277.98 1 0
rich_chat/client/api_client.go:280.2,280.12 1 0
rich_chat/client/api_client.go:284.100,293.16 2 0
rich_chat/client/api_client.go:293.16,295.3 1 0
rich_chat/client/api_client.go:297.2,297.30 1 0
rich_chat/client/api_client.go:297.30,299.3 1 0
rich_chat/client/api_client.go:301.2,301.30 1 0
rich_chat/client/api_client.go:301.30,303.65 2 0
rich_chat/client/api_client.go:303.65,305.17 2 0
rich_chat/client/api_client.go:305.17,307.5 1 0
rich_chat/client/api_client.go:308.4,308.17 1 0
rich_chat/client/api_client.go:308.17,310.5 1 0
rich_chat/client/api_client.go:312.3,312.97 1 0
rich_chat/client/api_client.go:315.2,315.12 1 0
rich_chat/client/api_client.go:319.59,321.16 2 0
rich_chat/client/api_client.go:321.16,323.3 1 0
rich_chat/client/api_client.go:325.2,325.30 1 0
rich_chat/client/api_client.go:325.30,327.3 1 0
rich_chat/client/api_client.go:329.2,329.46 1 0
rich_chat/client/api_client.go:329.46,331.3 1 0
rich_chat/client/api_client.go:333.2,333.18 1 0
rich_chat/client/auth_service.go:15.111,21.2 1 1
rich_chat/client/auth_service.go:24.62,27.16 2 1
rich_chat/client/auth_service.go:27.16,29.3 1 1
rich_chat/client/auth_service.go:32.2,33.16 2 1
rich_chat/client/auth_service.go:33.16,35.3 1 1
rich_chat/client/auth_service.go:38.2,42.64 4 1
rich_chat/client/auth_service.go:42.64,44.3 1 0
rich_chat/client/auth_service.go:46.2,46.12 1 1
rich_chat/client/auth_service.go:50.65,53.16 2 1
rich_chat/client/auth_service.go:53.16,55.3 1 1
rich_chat/client/auth_service.go:58.2,59.16 2 1
rich_chat/client/auth_service.go:59.16,61.3 1 1
rich_chat/client/auth_service.go:64.2,68.64 4 1
rich_chat/client/auth_service.go:68.64,70.3 1 0
rich_chat/client/auth_service.go:72.2,72.12 1 1
rich_chat/client/auth_service.go:76.38,78.64 2 1
rich_chat/client/auth_service.go:78.64,80.3 1 0
rich_chat/client/auth_service.go:81.2,81.12 1 1
rich_chat/client/auth_service.go:85.46,89.2 3 1
rich_chat/client/auth_service.go:92.81,96.27 3 1
rich_chat/client/auth_service.go:96.27,98.3 1 1
rich_chat/client/auth_service.go:100.2,100.27 1 1
rich_chat/client/auth_service.go:104.60,106.17 2 1
rich_chat/client/auth_service.go:106.17,108.3 1 0
rich_chat/client/auth_service.go:109.2,109.13 1 1
rich_chat/client/config_manager.go:28.76,34.2 1 1
rich_chat/client/config_manager.go:37.74,39.44 1 1
rich_chat/client/config_manager.go:39.44,41.3 1 0
rich_chat/client/config_manager.go:43.2,46.53 2 1
rich_chat/client/config_manager.go:46.53,47.55 1 1
rich_chat/client/config_manager.go:47.55,49.4 1 0
rich_chat/client/config_manager.go:53.2,54.16 2 1
rich_chat/client/config_manager.go:54.16,56.3 1 0
rich_chat/client/config_manager.go:58.2,58.62 1 1
rich_chat/client/config_manager.go:58.62,60.3 1 1
rich_chat/client/config_manager.go:62.2,62.24 1 1
rich_chat/client/config_manager.go:66.75,68.16 2 1
rich_chat/client/config_manager.go:68.16,70.3 1 0
rich_chat/client/config_manager.go:72.2,73.64 2 1
rich_chat/client/config_manager.go:73.64,75.3 1 0
rich_chat/client/config_manager.go:77.2,78.12 2 1
rich_chat/client/config_manager.go:82.55,84.13 2 1
rich_chat/client/config_manager.go:84.13,86.3 1 1
rich_chat/client/config_manager.go:87.2,88.21 2 1
rich_chat/client/config_manager.go:92.56,94.13 2 1
rich_chat/client/config_manager.go:94.13,96.3 1 1
rich_chat/client/config_manager.go:97.2,98.22 2 1
rich_chat/client/config_manager.go:102.52,104.2 1 1
rich_chat/client/config_manager.go:107.54,109.2 1 1
rich_chat/client/config_manager.go:112.48,116.2 3 1
rich_chat/client/config_manager.go:119.53,121.16 2 1
rich_chat/client/config_manager.go:121.16,122.25 1 1
rich_chat/client/config_manager.go:122.25,123.54 1 1
rich_chat/client/config_manager.go:123.54,125.5 1 0
rich_chat/client/config_manager.go:126.4,126.14 1 1
rich_chat/client/config_manager.go:128.3,128.54 1 0
rich_chat/client/config_manager.go:131.2,131.22 1 1
rich_chat/client/config_manager.go:131.22,133.3 1 1
rich_chat/client/config_manager.go:135.2,135.12 1 1
rich_chat/client/config_manager.go:139.66,141.16 2 1
rich_chat/client/config_manager.go:141.16,143.3 1 0
rich_chat/client/config_manager.go:144.2,146.50 2 1
rich_chat/client/config_manager.go:146.50,148.3 1 0
rich_chat/client/config_manager.go:150.2,150.12 1 1
rich_chat/client/http_client.go:13.50,19.2 3 1
rich_chat/client/http_client.go:22.41,24.2 1 1
rich_chat/client/http_client.go:27.51,29.2 1 1
rich_chat/client/http_client.go:32.60,34.2 1 1
rich_chat/client/language_pack_wrapper.go:11.77,17.2 3 1
rich_chat/client/language_pack_wrapper.go:20.54,22.2 1 1
rich_chat/client/main.go:18.36,50.2 10 0
rich_chat/client/main.go:53.31,62.2 4 0
rich_chat/client/main.go:64.13,67.2 2 0
rich_chat/client/mocks.go:19.58,20.33 1 1
rich_chat/client/mocks.go:20.33,22.3 1 1
rich_chat/client/mocks.go:23.2,23.33 1 1
rich_chat/client/mocks.go:26.94,27.24 1 1
rich_chat/client/mocks.go:27.24,29.3 1 1
rich_chat/client/mocks.go:30.2,30.63 1 0
rich_chat/client/mocks.go:33.97,34.27 1 1
rich_chat/client/mocks.go:34.27,36.3 1 1
rich_chat/client/mocks.go:37.2,37.63 1 0
rich_chat/client/mocks.go:40.80,41.29 1 1
rich_chat/client/mocks.go:41.29,43.3 1 1
rich_chat/client/mocks.go:44.2,44.12 1 0
rich_chat/client/mocks.go:47.95,48.33 1 1
rich_chat/client/mocks.go:48.33,50.3 1 1
rich_chat/client/mocks.go:51.2,57.8 1 0
rich_chat/client/mocks.go:60.89,61.36 1 1
rich_chat/client/mocks.go:61.36,63.3 1 1
rich_chat/client/mocks.go:64.2,64.12 1 0
rich_chat/client/mocks.go:67.100,68.33 1 1
rich_chat/client/mocks.go:68.33,70.3 1 1
rich_chat/client/mocks.go:71.2,71.12 1 0
rich_chat/client/mocks.go:74.59,75.36 1 0
rich_chat/client/mocks.go:75.36,77.3 1 0
rich_chat/client/mocks.go:78.2,78.18 1 0
rich_chat/client/mocks.go:94.48,98.2 1 1
rich_chat/client/mocks.go:100.74,101.29 1 1
rich_chat/client/mocks.go:101.29,103.3 1 0
rich_chat/client/mocks.go:104.2,104.20 1 1
rich_chat/client/mocks.go:107.75,108.29 1 1
rich_chat/client/mocks.go:108.29,110.3 1 0
rich_chat/client/mocks.go:111.2,112.12 2 1
rich_chat/client/mocks.go:115.55,116.27 1 1
rich_chat/client/mocks.go:116.27,118.3 1 0
rich_chat/client/mocks.go:119.2,120.13 2 1
rich_chat/client/mocks.go:120.13,122.3 1 1
rich_chat/client/mocks.go:123.2,124.21 2 1
rich_chat/client/mocks.go:127.56,128.28 1 1
rich_chat/client/mocks.go:128.28,130.3 1 0
rich_chat/client/mocks.go:131.2,132.13 2 1
rich_chat/client/mocks.go:132.13,134.3 1 1
rich_chat/client/mocks.go:135.2,136.22 2 1
rich_chat/client/mocks.go:139.52,140.27 1 1
rich_chat/client/mocks.go:140.27,143.3 2 0
rich_chat/client/mocks.go:144.2,144.25 1 1
rich_chat/client/mocks.go:147.54,148.28 1 1
rich_chat/client/mocks.go:148.28,151.3 2 0
rich_chat/client/mocks.go:152.2,152.28 1 1
rich_chat/client/mocks.go:155.48,156.35 1 1
rich_chat/client/mocks.go:156.35,159.3 2 0
rich_chat/client/mocks.go:160.2,161.27 2 1
rich_chat/client/mocks.go:169.74,170.32 1 0
rich_chat/client/mocks.go:170.32,172.3 1 0
rich_chat/client/mocks.go:173.2,173.17 1 0
rich_chat/client/mocks.go:177.72,182.2 1 1
rich_chat/client/mocks.go:184.69,186.2 1 1
rich_chat/client/mocks.go:188.56,196.2 1 1
rich_chat/client/repeatitive_function_provide.go:12.44,15.20 3 0
rich_chat/client/repeatitive_function_provide.go:16.14,18.20 2 0
rich_chat/client/repeatitive_function_provide.go:19.17,21.20 2 0
rich_chat/client/repeatitive_function_provide.go:22.15,24.20 2 0
rich_chat/client/repeatitive_function_provide.go:25.17,27.20 2 0
rich_chat/client/repeatitive_function_provide.go:28.18,30.22 2 0
rich_chat/client/repeatitive_function_provide.go:31.15,33.24 2 0
rich_chat/client/repeatitive_function_provide.go:35.2,37.30 3 0
rich_chat/client/repeatitive_function_provide.go:37.30,38.14 1 0
rich_chat/client/repeatitive_function_provide.go:43.41,47.16 4 0
rich_chat/client/repeatitive_function_provide.go:47.16,49.3 1 0
rich_chat/client/repeatitive_function_provide.go:50.2,50.19 1 0
rich_chat/client/token_extractor.go:19.48,21.2 1 1
rich_chat/client/token_extractor.go:24.73,26.21 2 1
rich_chat/client/token_extractor.go:26.21,28.3 1 1
rich_chat/client/token_extractor.go:31.2,32.16 2 1
rich_chat/client/token_extractor.go:32.16,34.3 1 0
rich_chat/client/token_extractor.go:36.2,37.57 2 1
rich_chat/client/token_extractor.go:37.57,39.3 1 0
rich_chat/client/token_extractor.go:41.2,42.9 2 1
rich_chat/client/token_extractor.go:42.9,44.3 1 1
rich_chat/client/token_extractor.go:47.2,47.28 1 1
rich_chat/client/token_extractor.go:48.15,49.37 1 1
rich_chat/client/token_extractor.go:50.14,51.16 1 1
rich_chat/client/token_extractor.go:52.10,53.35 1 0
rich_chat/client/ui_handler.go:21.153,29.2 1 0
rich_chat/client/ui_handler.go:32.29,34.22 1 0
rich_chat/client/ui_handler.go:34.22,36.3 1 0
rich_chat/client/ui_handler.go:38.2,38.6 1 0
rich_chat/client/ui_handler.go:38.6,40.53 1 0
rich_chat/client/ui_handler.go:40.53,43.4 2 0
rich_chat/client/ui_handler.go:46.3,46.39 1 0
rich_chat/client/ui_handler.go:46.39,48.4 1 0
rich_chat/client/ui_handler.go:48.9,50.4 1 0
rich_chat/client/ui_handler.go:55.40,58.16 3 0
rich_chat/client/ui_handler.go:58.16,61.3 2 0
rich_chat/client/ui_handler.go:62.2,62.16 1 0
rich_chat/client/ui_handler.go:62.16,65.3 2 0
rich_chat/client/ui_handler.go:66.2,67.13 2 0
rich_chat/client/ui_handler.go:71.45,74.16 3 0
rich_chat/client/ui_handler.go:74.16,77.3 2 0
rich_chat/client/ui_handler.go:78.2,83.16 2 0
rich_chat/client/ui_handler.go:84.11,85.18 1 0
rich_chat/client/ui_handler.go:86.11,87.21 1 0
rich_chat/client/ui_handler.go:88.11,90.13 2 0
rich_chat/client/ui_handler.go:91.10,92.33 1 0
rich_chat/client/ui_handler.go:97.43,99.16 2 0
rich_chat/client/ui_handler.go:99.16,103.3 3 0
rich_chat/client/ui_handler.go:106.2,110.18 4 0
rich_chat/client/ui_handler.go:114.36,115.6 1 0
rich_chat/client/ui_handler.go:115.6,117.17 2 0
rich_chat/client/ui_handler.go:117.17,120.4 2 0
rich_chat/client/ui_handler.go:121.3,128.17 2 0
rich_chat/client/ui_handler.go:129.12,131.14 2 0
rich_chat/client/ui_handler.go:132.12,133.29 1 0
rich_chat/client/ui_handler.go:134.12,135.28 1 0
rich_chat/client/ui_handler.go:136.12,138.10 2 0
rich_chat/client/ui_handler.go:139.12,141.10 2 0
rich_chat/client/ui_handler.go:142.11,143.34 1 0
rich_chat/client/ui_handler.go:149.35,151.16 2 0
rich_chat/client/ui_handler.go:151.16,154.3 2 0
rich_chat/client/ui_handler.go:156.2,157.20 2 0
rich_chat/client/ui_handler.go:157.20,160.3 2 0
rich_chat/client/ui_handler.go:162.2,163.16 2 0
rich_chat/client/ui_handler.go:163.16,166.3 2 0
rich_chat/client/ui_handler.go:168.2,168.20 1 0
rich_chat/client/ui_handler.go:168.20,171.3 2 0
rich_chat/client/ui_handler.go:173.2,174.64 2 0
rich_chat/client/ui_handler.go:174.64,177.3 2 0
rich_chat/client/ui_handler.go:179.2,179.36 1 0
rich_chat/client/ui_handler.go:183.38,185.16 2 0
rich_chat/client/ui_handler.go:185.16,188.3 2 0
rich_chat/client/ui_handler.go:190.2,191.20 2 0
rich_chat/client/ui_handler.go:191.20,194.3 2 0
rich_chat/client/ui_handler.go:196.2,196.50 1 0
rich_chat/client/ui_handler.go:196.50,199.3 2 0
rich_chat/client/ui_handler.go:201.2,202.16 2 0
rich_chat/client/ui_handler.go:202.16,204.3 1 0
rich_chat/client/ui_handler.go:206.2,207.67 2 0
rich_chat/client/ui_handler.go:207.67,210.3 2 0
rich_chat/client/ui_handler.go:212.2,212.39 1 0
rich_chat/client/ui_handler.go:216.36,217.47 1 0
rich_chat/client/ui_handler.go:217.47,220.3 2 0
rich_chat/client/ui_handler.go:223.2,227.37 4 0
rich_chat/client/ui_handler.go:231.43,233.16 2 0
rich_chat/client/ui_handler.go:233.16,236.3 2 0
rich_chat/client/ui_handler.go:237.2,238.40 2 0
rich_chat/client/ui_handler.go:238.40,241.3 2 0
rich_chat/client/ui_handler.go:243.2,244.16 2 0
rich_chat/client/ui_handler.go:244.16,247.3 2 0
rich_chat/client/ui_handler.go:249.2,249.20 1 0
rich_chat/client/ui_handler.go:249.20,252.3 2 0
rich_chat/client/ui_handler.go:254.2,255.62 2 0
rich_chat/client/ui_handler.go:255.62,258.3 2 0
rich_chat/client/ui_handler.go:261.2,265.45 4 0
rich_chat/client/ui_handler.go:269.45,272.2 2 0
rich_chat/client/ui_handler.go:275.36,278.16 3 0
rich_chat/client/ui_handler.go:278.16,281.3 2 0
rich_chat/client/ui_handler.go:283.2,287.15 5 0
rich_chat/client/ui_handler.go:291.38,292.6 1 0
rich_chat/client/ui_handler.go:292.6,294.17 2 0
rich_chat/client/ui_handler.go:294.17,297.4 2 0
rich_chat/client/ui_handler.go:298.3,300.17 2 0
rich_chat/client/ui_handler.go:301.12,303.18 2 0
rich_chat/client/ui_handler.go:303.18,306.5 2 0
rich_chat/client/ui_handler.go:307.4,308.25 2 0
rich_chat/client/ui_handler.go:308.25,310.13 2 0
rich_chat/client/ui_handler.go:312.4,312.79 1 0
rich_chat/client/ui_handler.go:312.79,315.5 2 0
rich_chat/client/ui_handler.go:316.4,317.10 2 0
rich_chat/client/ui_handler.go:318.12,320.18 2 0
rich_chat/client/ui_handler.go:320.18,323.5 2 0
rich_chat/client/ui_handler.go:324.4,325.20 2 0
rich_chat/client/ui_handler.go:325.20,327.13 2 0
rich_chat/client/ui_handler.go:329.4,329.69 1 0
rich_chat/client/ui_handler.go:329.69,332.5 2 0
rich_chat/client/ui_handler.go:333.4,334.10 2 0
rich_chat/client/ui_handler.go:335.12,336.10 1 0
rich_chat/client/ui_handler.go:337.11,338.34 1 0
rich_chat/client/ui_handler.go:344.44,348.16 3 0
rich_chat/client/ui_handler.go:348.16,351.3 2 0
rich_chat/client/ui_handler.go:352.2,355.23 3 0
rich_chat/client/ui_handler.go:355.23,358.3 2 0
rich_chat/client/ui_handler.go:361.2,362.6 2 0
rich_chat/client/ui_handler.go:362.6,365.17 3 0
rich_chat/client/ui_handler.go:365.17,368.4 2 0
rich_chat/client/ui_handler.go:369.3,372.24 3 0
rich_chat/client/ui_handler.go:372.24,374.12 2 0
rich_chat/client/ui_handler.go:377.3,377.27 1 0
rich_chat/client/ui_handler.go:377.27,379.4 1 0
rich_chat/client/ui_handler.go:382.3,384.17 3 0
rich_chat/client/ui_handler.go:384.17,387.4 2 0
rich_chat/client/ui_handler.go:388.3,391.28 3 0
rich_chat/client/ui_handler.go:391.28,393.12 2 0
rich_chat/client/ui_handler.go:396.3,396.37 1 0
rich_chat/client/ui_handler.go:396.37,398.12 2 0
rich_chat/client/ui_handler.go:401.3,401.8 1 0
rich_chat/client/ui_handler.go:405.2,406.79 2 0
rich_chat/client/ui_handler.go:406.79,409.3 2 0
rich_chat/client/ui_handler.go:411.2,411.49 1 0
rich_chat/client/ui_handler.go:415.52,418.16 3 0
rich_chat/client/ui_handler.go:418.16,420.3 1 0
rich_chat/client/ui_handler.go:421.2,422.34 2 0
rich_chat/client/ui_handler.go:426.67,428.6 2 0
rich_chat/client/ui_handler.go:428.6,431.17 3 0
rich_chat/client/ui_handler.go:431.17,434.4 2 0
rich_chat/client/ui_handler.go:436.3,436.21 1 0
rich_chat/client/ui_handler.go:436.21,438.12 2 0
rich_chat/client/ui_handler.go:441.3,441.24 1 0
rich_chat/client/ui_handler.go:441.24,443.4 1 0
rich_chat/client/ui_handler.go:445.3,447.17 3 0
rich_chat/client/ui_handler.go:447.17,450.4 2 0
rich_chat/client/ui_handler.go:451.3,454.22 3 0
rich_chat/client/ui_handler.go:454.22,456.12 2 0
rich_chat/client/ui_handler.go:459.3,459.28 1 0
rich_chat/client/ui_handler.go:459.28,460.9 1 0
rich_chat/client/ui_handler.go:462.3,462.41 1 0
rich_chat/client/ui_handler.go:464.2,464.22 1 0
rich_chat/client/ui_handler.go:468.43,470.2 1 0
rich_chat/client/ui_handler.go:473.46,475.2 1 0
rich_chat/client/ui_handler.go:478.42,480.26 2 0
rich_chat/client/ui_handler.go:481.14,482.30 1 0
rich_chat/client/ui_handler.go:483.13,484.29 1 0
rich_chat/client/ui_handler.go:486.2,486.21 1 0
rich_chat/client/ui_handler.go:490.46,492.2 1 0
rich_chat/client/user_service.go:15.111,21.2 1 1
rich_chat/client/user_service.go:24.60,26.13 2 1
rich_chat/client/user_service.go:26.13,28.3 1 1
rich_chat/client/user_service.go:30.2,31.16 2 1
rich_chat/client/user_service.go:31.16,33.3 1 0
rich_chat/client/user_service.go:35.2,35.78 1 1
rich_chat/client/user_service.go:35.78,37.3 1 1
rich_chat/client/user_service.go:40.2,41.64 2 1
rich_chat/client/user_service.go:41.64,43.3 1 0
rich_chat/client/user_service.go:45.2,45.12 1 1
rich_chat/client/user_service.go:49.55,51.13 2 1
rich_chat/client/user_service.go:51.13,53.3 1 1
rich_chat/client/user_service.go:55.2,56.16 2 1
rich_chat/client/user_service.go:56.16,58.3 1 0
rich_chat/client/user_service.go:60.2,61.16 2 1
rich_chat/client/user_service.go:61.16,63.3 1 1
rich_chat/client/user_service.go:65.2,65.22 1 1
rich_chat/client/user_service.go:65.22,67.3 1 1
rich_chat/client/user_service.go:69.2,69.23 1 1
rich_chat/client/user_service.go:73.62,75.13 2 1
rich_chat/client/user_service.go:75.13,77.3 1 1
rich_chat/client/user_service.go:79.2,80.16 2 1
rich_chat/client/user_service.go:80.16,82.3 1 0
rich_chat/client/user_service.go:84.2,84.87 1 1
rich_chat/client/user_service.go:84.87,86.3 1 1
rich_chat/client/user_service.go:88.2,88.12 1 1
rich_chat/client/user_service.go:92.77,94.13 2 1
rich_chat/client/user_service.go:94.13,96.3 1 1
rich_chat/client/user_service.go:98.2,99.16 2 1
rich_chat/client/user_service.go:99.16,101.3 1 0
rich_chat/client/user_service.go:103.2,103.98 1 1
rich_chat/client/user_service.go:103.98,105.3 1 1
rich_chat/client/user_service.go:107.2,107.12 1 1
rich_chat/client/user_service.go:111.60,113.17 2 1
rich_chat/client/user_service.go:113.17,115.3 1 0
rich_chat/client/user_service.go:116.2,116.13 1 1
rich_chat/server_api/service/auth_service.go:35.20,42.2 1 1
rich_chat/server_api/service/auth_service.go:45.97,47.46 1 1
rich_chat/server_api/service/auth_service.go:47.46,49.3 1 1
rich_chat/server_api/service/auth_service.go:52.2,52.80 1 1
rich_chat/server_api/service/auth_service.go:52.80,54.3 1 1
rich_chat/server_api/service/auth_service.go:57.2,57.28 1 1
rich_chat/server_api/service/auth_service.go:57.28,59.13 2 1
rich_chat/server_api/service/auth_service.go:59.13,64.4 2 1
rich_chat/server_api/service/auth_service.go:68.2,69.16 2 1
rich_chat/server_api/service/auth_service.go:69.16,76.29 2 1
rich_chat/server_api/service/auth_service.go:76.29,78.4 1 1
rich_chat/server_api/service/auth_service.go:80.3,80.33 1 1
rich_chat/server_api/service/auth_service.go:84.2,84.103 1 1
rich_chat/server_api/service/auth_service.go:84.103,91.29 2 1
rich_chat/server_api/service/auth_service.go:91.29,93.4 1 1
rich_chat/server_api/service/auth_service.go:95.3,95.33 1 1
rich_chat/server_api/service/auth_service.go:99.2,99.28 1 1
rich_chat/server_api/service/auth_service.go:99.28,101.3 1 1
rich_chat/server_api/service/auth_service.go:104.2,108.16 3 1
rich_chat/server_api/service/auth_service.go:108.16,114.3 2 0
rich_chat/server_api/service/auth_service.go:116.2,124.8 2 1
rich_chat/server_api/service/auth_service.go:128.106,130.46 1 1
rich_chat/server_api/service/auth_service.go:130.46,132.3 1 1
rich_chat/server_api/service/auth_service.go:135.2,135.80 1 1
rich_chat/server_api/service/auth_service.go:135.80,137.3 1 0
rich_chat/server_api/service/auth_service.go:140.2,140.52 1 1
rich_chat/server_api/service/auth_service.go:140.52,143.3 1 1
rich_chat/server_api/service/auth_service.go:146.2,147.16 2 1
rich_chat/server_api/service/auth_service.go:147.16,153.3 2 0
rich_chat/server_api/service/auth_service.go:154.2,154.12 1 1
rich_chat/server_api/service/auth_service.go:154.12,156.3 1 1
rich_chat/server_api/service/auth_service.go:159.2,160.16 2 1
rich_chat/server_api/service/auth_service.go:160.16,166.3 2 0
rich_chat/server_api/service/auth_service.go:169.2,170.16 2 1
rich_chat/server_api/service/auth_service.go:170.16,173.57 1 1
rich_chat/server_api/service/auth_service.go:173.57,175.4 1 1
rich_chat/server_api/service/auth_service.go:177.3,181.59 2 0
rich_chat/server_api/service/auth_service.go:185.2,186.16 2 1
rich_chat/server_api/service/auth_service.go:186.16,192.3 2 0
rich_chat/server_api/service/auth_service.go:194.2,202.8 2 1
rich_chat/server_api/service/auth_service.go:206.69,208.2 1 0
rich_chat/server_api/service/auth_service.go:211.65,213.2 1 0
rich_chat/server_api/service/auth_service.go:216.67,218.2 1 0
rich_chat/server_api/service/factory.go:28.13,61.2 9 0
rich_chat/server_api/service/mocks.go:14.94,17.2 2 1
rich_chat/server_api/service/mocks.go:19.72,22.2 2 0
rich_chat/server_api/service/mocks.go:24.90,27.2 2 0
rich_chat/server_api/service/mocks.go:29.72,32.2 2 1
rich_chat/server_api/service/token_service.go:29.97,34.2 1 1
rich_chat/server_api/service/token_service.go:43.94,57.16 5 1
rich_chat/server_api/service/token_service.go:57.16,63.3 2 0
rich_chat/server_api/service/token_service.go:65.2,69.25 2 1
rich_chat/server_api/service/token_service.go:73.72,75.44 2 1
rich_chat/server_api/service/token_service.go:75.44,80.3 2 0
rich_chat/server_api/service/token_service.go:81.2,81.39 1 1
rich_chat/server_api/service/token_service.go:85.90,87.16 2 1
rich_chat/server_api/service/token_service.go:87.16,93.3 2 0
rich_chat/server_api/service/token_service.go:95.2,100.12 2 1
rich_chat/server_api/service/token_service.go:104.72,105.17 1 1
rich_chat/server_api/service/token_service.go:105.17,107.3 1 1
rich_chat/server_api/service/token_service.go:109.2,110.16 2 1
rich_chat/server_api/service/token_service.go:110.16,116.3 2 1
rich_chat/server_api/service/token_service.go:118.2,118.12 1 1
rich_chat/server_api/service/token_service.go:118.12,123.3 2 1
rich_chat/server_api/service/token_service.go:125.2,125.12 1 1
rich_chat/server_api/service/user_service.go:23.20,28.2 1 1
rich_chat/server_api/service/user_service.go:31.103,34.16 2 1
rich_chat/server_api/service/user_service.go:34.16,40.3 2 1
rich_chat/server_api/service/user_service.go:41.2,41.13 1 1
rich_chat/server_api/service/user_service.go:41.13,43.3 1 1
rich_chat/server_api/service/user_service.go:46.2,47.16 2 1
rich_chat/server_api/service/user_service.go:47.16,53.3 2 1
rich_chat/server_api/service/user_service.go:55.2,55.21 1 1
rich_chat/server_api/service/user_service.go:59.103,61.38 1 1
rich_chat/server_api/service/user_service.go:61.38,63.3 1 1
rich_chat/server_api/service/user_service.go:66.2,67.16 2 1
rich_chat/server_api/service/user_service.go:67.16,73.3 2 0
rich_chat/server_api/service/user_service.go:74.2,74.13 1 1
rich_chat/server_api/service/user_service.go:74.13,76.3 1 1
rich_chat/server_api/service/user_service.go:79.2,80.16 2 1
rich_chat/server_api/service/user_service.go:80.16,87.3 2 1
rich_chat/server_api/service/user_service.go:89.2,94.12 2 1
rich_chat/server_api/service/user_service.go:98.101,100.52 1 1
rich_chat/server_api/service/user_service.go:100.52,102.3 1 1
rich_chat/server_api/service/user_service.go:105.2,106.16 2 1
rich_chat/server_api/service/user_service.go:106.16,112.3 2 1
rich_chat/server_api/service/user_service.go:113.2,113.13 1 1
rich_chat/server_api/service/user_service.go:113.13,115.3 1 1
rich_chat/server_api/service/user_service.go:118.2,119.28 2 1
rich_chat/server_api/service/user_service.go:119.28,121.13 2 1
rich_chat/server_api/service/user_service.go:121.13,126.4 2 1
rich_chat/server_api/service/user_service.go:130.2,131.16 2 1
rich_chat/server_api/service/user_service.go:131.16,137.3 2 1
rich_chat/server_api/service/user_service.go:140.2,143.16 1 1
rich_chat/server_api/service/user_service.go:143.16,149.29 2 1
rich_chat/server_api/service/user_service.go:149.29,151.4 1 1
rich_chat/server_api/service/user_service.go:152.3,152.28 1 1
rich_chat/server_api/service/user_service.go:156.2,157.16 2 1
rich_chat/server_api/service/user_service.go:157.16,163.3 2 0
rich_chat/server_api/service/user_service.go:166.2,167.16 2 1
rich_chat/server_api/service/user_service.go:167.16,174.29 2 1
rich_chat/server_api/service/user_service.go:174.29,176.4 1 1
rich_chat/server_api/service/user_service.go:177.3,177.63 1 1
rich_chat/server_api/service/user_service.go:180.2,183.12 2 1
rich_chat/server_api/service/user_service.go:187.89,189.24 1 1
rich_chat/server_api/service/user_service.go:189.24,191.3 1 1
rich_chat/server_api/service/user_service.go:193.2,196.28 2 1
rich_chat/server_api/service/user_service.go:196.28,198.13 2 1
rich_chat/server_api/service/user_service.go:198.13,203.4 2 1
rich_chat/server_api/service/user_service.go:207.2,208.16 2 1
rich_chat/server_api/service/user_service.go:208.16,215.29 2 1
rich_chat/server_api/service/user_service.go:215.29,217.4 1 1
rich_chat/server_api/service/user_service.go:219.3,219.25 1 1
rich_chat/server_api/service/user_service.go:223.2,226.16 1 1
rich_chat/server_api/service/user_service.go:226.16,232.29 2 1
rich_chat/server_api/service/user_service.go:232.29,234.4 1 1
rich_chat/server_api/service/user_service.go:236.3,236.28 1 1
rich_chat/server_api/service/user_service.go:240.2,240.28 1 1
rich_chat/server_api/service/user_service.go:240.28,242.3 1 1
rich_chat/server_api/service/user_service.go:245.2,246.16 2 1
rich_chat/server_api/service/user_service.go:246.16,252.3 2 0
rich_chat/server_api/service/user_service.go:254.2,258.12 2 1
rich_chat/server_api/service/user_service.go:262.70,263.28 1 1
rich_chat/server_api/service/user_service.go:263.28,265.3 1 1
rich_chat/server_api/service/user_service.go:267.2,268.15 2 1
rich_chat/server_api/service/user_service.go:272.69,274.2 1 1
rich_chat/server_api/config.go:74.19,76.16 2 1
rich_chat/server_api/config.go:76.16,78.3 1 1
rich_chat/server_api/config.go:80.2,96.37 13 1
rich_chat/server_api/config.go:100.46,101.42 1 1
rich_chat/server_api/config.go:101.42,103.3 1 1
rich_chat/server_api/config.go:104.2,104.21 1 1
rich_chat/server_api/config.go:108.50,109.42 1 1
rich_chat/server_api/config.go:109.42,110.55 1 1
rich_chat/server_api/config.go:110.55,112.4 1 1
rich_chat/server_api/config.go:114.2,114.21 1 1
rich_chat/server_api/handler_helper.go:13.52,14.13 1 0
rich_chat/server_api/handler_helper.go:15.31,18.5 1 0
rich_chat/server_api/handler_helper.go:19.31,22.5 1 0
rich_chat/server_api/handler_helper.go:23.32,26.5 1 0
rich_chat/server_api/handler_helper.go:27.34,30.5 1 0
rich_chat/server_api/handler_helper.go:31.31,34.5 1 0
rich_chat/server_api/handler_helper.go:35.40,38.5 1 0
rich_chat/server_api/handler_helper.go:39.10,45.5 2 0
rich_chat/server_api/main.go:44.19,84.16 6 0
rich_chat/server_api/main.go:84.16,86.3 1 0
rich_chat/server_api/main.go:89.2,107.48 4 0
rich_chat/server_api/main.go:107.48,121.5 4 0
rich_chat/server_api/main.go:124.2,142.90 11 0
rich_chat/server_api/main.go:145.13,165.2 9 0
rich_chat/server_api/redis_manager.go:18.33,29.16 4 0
rich_chat/server_api/redis_manager.go:29.16,34.3 1 0
rich_chat/server_api/redis_manager.go:36.2,41.3 2 0
rich_chat/server_api/redis_manager.go:45.62,47.22 2 0
rich_chat/server_api/redis_manager.go:47.22,50.3 1 0
rich_chat/server_api/redis_manager.go:50.8,50.23 1 0
rich_chat/server_api/redis_manager.go:50.23,56.3 2 0
rich_chat/server_api/redis_manager.go:58.2,58.18 1 0
rich_chat/server_api/redis_manager.go:62.77,64.16 2 0
rich_chat/server_api/redis_manager.go:64.16,69.3 1 0
rich_chat/server_api/redis_manager.go:73.51,75.2 1 0
rich_chat/server_api/redis_manager.go:78.61,80.2 1 0
rich_chat/server_api/redis_manager.go:83.54,85.2 1 0
rich_chat/server_api/redis_manager.go:88.50,90.16 2 0
rich_chat/server_api/redis_manager.go:90.16,95.3 1 0
rich_chat/server_api/redis_manager.go:99.61,101.16 2 0
rich_chat/server_api/redis_manager.go:101.16,107.3 2 0
rich_chat/server_api/redis_manager.go:109.2,109.12 1 0
rich_chat/server_api/redis_manager.go:113.74,115.16 2 0
rich_chat/server_api/redis_manager.go:115.16,120.3 1 0
rich_chat/server_api/redis_manager.go:124.64,126.22 2 0
rich_chat/server_api/redis_manager.go:126.22,128.3 1 0
rich_chat/server_api/redis_manager.go:128.8,128.23 1 0
rich_chat/server_api/redis_manager.go:128.23,134.3 2 0
rich_chat/server_api/redis_manager.go:136.2,136.18 1 0
rich_chat/server_api/redis_manager.go:140.63,148.2 4 0
rich_chat/server_api/repeatitive_function_provide.go:22.3,25.38 3 0
rich_chat/server_api/repeatitive_function_provide.go:25.38,27.3 1 0
rich_chat/server_api/repeatitive_function_provide.go:27.8,29.3 1 0
rich_chat/server_api/repeatitive_function_provide.go:37.3,45.2 1 0
rich_chat/server_api/safe_policy.go:18.36,19.30 1 0
rich_chat/server_api/safe_policy.go:19.30,21.18 1 0
rich_chat/server_api/safe_policy.go:21.18,23.26 1 0
rich_chat/server_api/safe_policy.go:23.26,25.40 2 0
rich_chat/server_api/safe_policy.go:25.40,27.6 1 0
rich_chat/server_api/safe_policy.go:28.5,30.11 3 0
rich_chat/server_api/safe_policy.go:37.35,38.30 1 0
rich_chat/server_api/safe_policy.go:38.30,43.23 2 0
rich_chat/server_api/safe_policy.go:43.23,46.17 3 0
rich_chat/server_api/safe_policy.go:46.17,52.5 3 0
rich_chat/server_api/safe_policy.go:56.3,56.23 1 0
rich_chat/server_api/safe_policy.go:56.23,59.62 3 0
rich_chat/server_api/safe_policy.go:59.62,72.5 5 0
rich_chat/server_api/safe_policy.go:76.3,76.70 1 0
rich_chat/server_api/safe_policy.go:76.70,82.4 3 0
rich_chat/server_api/safe_policy.go:84.3,85.32 2 0
rich_chat/server_api/safe_policy.go:85.32,92.4 3 0
rich_chat/server_api/safe_policy.go:95.3,96.22 2 0
rich_chat/server_api/safe_policy.go:96.22,98.20 2 0
rich_chat/server_api/safe_policy.go:98.20,102.5 3 0
rich_chat/server_api/safe_policy.go:104.4,106.49 2 0
rich_chat/server_api/safe_policy.go:106.49,108.61 1 0
rich_chat/server_api/safe_policy.go:108.61,110.7 1 0
rich_chat/server_api/safe_policy.go:111.6,111.36 1 0
rich_chat/server_api/safe_policy.go:114.4,114.18 1 0
rich_chat/server_api/safe_policy.go:114.18,121.5 4 0
rich_chat/server_api/safe_policy.go:123.4,124.18 2 0
rich_chat/server_api/safe_policy.go:124.18,131.5 4 0
rich_chat/server_api/safe_policy.go:133.4,133.48 1 0
rich_chat/server_api/safe_policy.go:133.48,138.5 4 0
rich_chat/server_api/safe_policy.go:141.4,141.23 1 0
rich_chat/server_api/safe_policy.go:141.23,143.16 2 0
rich_chat/server_api/safe_policy.go:143.16,150.6 4 0
rich_chat/server_api/safe_policy.go:154.3,154.11 1 0
rich_chat/server_api/safe_policy.go:159.75,173.16 5 0
rich_chat/server_api/safe_policy.go:173.16,175.3 1 0
rich_chat/server_api/safe_policy.go:177.2,177.25 1 0
rich_chat/server_api/safe_policy.go:181.44,183.44 2 0
rich_chat/server_api/safe_policy.go:183.44,185.3 1 0
rich_chat/server_api/safe_policy.go:186.2,186.39 1 0
rich_chat/server_api/web_server_page.go:14.48,16.2 1 0
rich_chat/server_api/web_server_page.go:19.57,22.16 2 0
rich_chat/server_api/web_server_page.go:22.16,30.3 3 0
rich_chat/server_api/web_server_page.go:33.2,34.16 2 0
rich_chat/server_api/web_server_page.go:34.16,42.3 3 0
rich_chat/server_api/web_server_page.go:44.2,50.4 2 0
rich_chat/server_api/web_server_page.go:54.48,64.16 3 0
rich_chat/server_api/web_server_page.go:64.16,67.3 2 0
rich_chat/server_api/web_server_page.go:70.2,78.4 2 0
rich_chat/server_api/web_server_page.go:82.51,92.16 3 0
rich_chat/server_api/web_server_page.go:92.16,95.3 2 0
rich_chat/server_api/web_server_page.go:98.2,106.4 2 0
rich_chat/server_api/web_server_page.go:110.53,113.16 2 0
rich_chat/server_api/web_server_page.go:113.16,118.3 2 0
rich_chat/server_api/web_server_page.go:121.2,129.16 3 0
rich_chat/server_api/web_server_page.go:129.16,132.3 2 0
rich_chat/server_api/web_server_page.go:135.2,141.4 2 0
rich_chat/server_api/web_server_page.go:145.57,148.16 2 0
rich_chat/server_api/web_server_page.go:148.16,153.3 2 0
rich_chat/server_api/web_server_page.go:156.2,157.78 2 0
rich_chat/server_api/web_server_page.go:157.78,160.3 2 0
rich_chat/server_api/web_server_page.go:163.2,164.16 2 0
rich_chat/server_api/web_server_page.go:164.16,167.3 2 0
rich_chat/server_api/web_server_page.go:170.2,173.4 1 0
rich_chat/server_api/web_server_page.go:177.60,180.16 2 0
rich_chat/server_api/web_server_page.go:180.16,185.3 2 0
rich_chat/server_api/web_server_page.go:188.2,189.78 2 0
rich_chat/server_api/web_server_page.go:189.78,192.3 2 0
rich_chat/server_api/web_server_page.go:195.2,203.16 3 0
rich_chat/server_api/web_server_page.go:203.16,206.3 2 0
rich_chat/server_api/web_server_page.go:209.2,216.4 2 0
rich_chat/server_api/web_server_page.go:220.61,223.16 2 0
rich_chat/server_api/web_server_page.go:223.16,228.3 2 0
rich_chat/server_api/web_server_page.go:231.2,232.78 2 0
rich_chat/server_api/web_server_page.go:232.78,235.3 2 0
rich_chat/server_api/web_server_page.go:237.2,249.16 5 0
rich_chat/server_api/web_server_page.go:249.16,252.3 2 0
rich_chat/server_api/web_server_page.go:255.2,261.4 2 0
rich_chat/server_api/database/cached_user_repository.go:18.93,23.2 1 1
rich_chat/server_api/database/cached_user_repository.go:26.87,28.16 2 1
rich_chat/server_api/database/cached_user_repository.go:28.16,30.3 1 1
rich_chat/server_api/database/cached_user_repository.go:33.2,40.20 5 1
rich_chat/server_api/database/cached_user_repository.go:44.64,47.51 2 1
rich_chat/server_api/database/cached_user_repository.go:47.51,48.24 1 1
rich_chat/server_api/database/cached_user_repository.go:48.24,54.4 2 1
rich_chat/server_api/database/cached_user_repository.go:58.2,59.16 2 1
rich_chat/server_api/database/cached_user_repository.go:59.16,63.3 2 1
rich_chat/server_api/database/cached_user_repository.go:66.2,67.18 2 1
rich_chat/server_api/database/cached_user_repository.go:71.79,75.51 2 1
rich_chat/server_api/database/cached_user_repository.go:75.51,76.19 1 1
rich_chat/server_api/database/cached_user_repository.go:76.19,82.4 2 1
rich_chat/server_api/database/cached_user_repository.go:84.3,87.34 1 1
rich_chat/server_api/database/cached_user_repository.go:91.2,92.16 2 1
rich_chat/server_api/database/cached_user_repository.go:92.16,96.3 2 0
rich_chat/server_api/database/cached_user_repository.go:99.2,105.18 4 1
rich_chat/server_api/database/cached_user_repository.go:109.65,112.51 2 1
rich_chat/server_api/database/cached_user_repository.go:112.51,119.3 3 1
rich_chat/server_api/database/cached_user_repository.go:122.2,123.16 2 1
rich_chat/server_api/database/cached_user_repository.go:123.16,125.3 1 1
rich_chat/server_api/database/cached_user_repository.go:128.2,128.12 1 1
rich_chat/server_api/database/cached_user_repository.go:128.12,130.3 1 1
rich_chat/server_api/database/cached_user_repository.go:130.8,132.3 1 0
rich_chat/server_api/database/cached_user_repository.go:134.2,134.20 1 1
rich_chat/server_api/database/cached_user_repository.go:138.80,142.51 2 0
rich_chat/server_api/database/cached_user_repository.go:142.51,143.19 1 0
rich_chat/server_api/database/cached_user_repository.go:143.19,149.4 2 0
rich_chat/server_api/database/cached_user_repository.go:151.3,155.19 2 0
rich_chat/server_api/database/cached_user_repository.go:159.2,160.16 2 0
rich_chat/server_api/database/cached_user_repository.go:160.16,162.3 1 0
rich_chat/server_api/database/cached_user_repository.go:165.2,165.12 1 0
rich_chat/server_api/database/cached_user_repository.go:165.12,167.3 1 0
rich_chat/server_api/database/cached_user_repository.go:167.8,169.3 1 0
rich_chat/server_api/database/cached_user_repository.go:171.2,171.20 1 0
rich_chat/server_api/database/cached_user_repository.go:175.78,178.51 2 1
rich_chat/server_api/database/cached_user_repository.go:178.51,179.19 1 1
rich_chat/server_api/database/cached_user_repository.go:179.19,185.4 2 1
rich_chat/server_api/database/cached_user_repository.go:187.3,189.17 3 1
rich_chat/server_api/database/cached_user_repository.go:189.17,195.4 2 0
rich_chat/server_api/database/cached_user_repository.go:197.3,201.24 2 1
rich_chat/server_api/database/cached_user_repository.go:205.2,206.16 2 1
rich_chat/server_api/database/cached_user_repository.go:206.16,209.3 2 0
rich_chat/server_api/database/cached_user_repository.go:212.2,213.16 2 1
rich_chat/server_api/database/cached_user_repository.go:213.16,219.3 2 0
rich_chat/server_api/database/cached_user_repository.go:221.2,222.22 2 1
rich_chat/server_api/database/cached_user_repository.go:226.83,228.16 2 1
rich_chat/server_api/database/cached_user_repository.go:228.16,230.3 1 1
rich_chat/server_api/database/cached_user_repository.go:233.2,234.12 2 1
rich_chat/server_api/database/cached_user_repository.go:238.89,240.16 2 1
rich_chat/server_api/database/cached_user_repository.go:240.16,242.3 1 1
rich_chat/server_api/database/cached_user_repository.go:245.2,246.12 2 1
rich_chat/server_api/database/cached_user_repository.go:250.66,252.2 1 1
rich_chat/server_api/database/cached_user_repository.go:255.96,257.2 1 1
rich_chat/server_api/database/cached_user_repository.go:260.61,263.31 2 1
rich_chat/server_api/database/cached_user_repository.go:263.31,269.3 4 1
rich_chat/server_api/database/cached_user_repository.go:272.2,273.16 2 1
rich_chat/server_api/database/cached_user_repository.go:273.16,275.3 1 1
rich_chat/server_api/database/cached_user_repository.go:277.2,277.12 1 1
rich_chat/server_api/database/cached_user_repository.go:281.85,283.2 1 1
rich_chat/server_api/database/cached_user_repository.go:286.74,288.2 1 1
rich_chat/server_api/database/database_service.go:25.20,46.2 5 0
rich_chat/server_api/database/database_service.go:49.63,51.2 1 0
rich_chat/server_api/database/database_service.go:54.73,56.2 1 0
rich_chat/server_api/database/database_service.go:59.65,61.2 1 0
rich_chat/server_api/database/database_service.go:64.45,66.2 1 0
rich_chat/server_api/database/database_service.go:69.97,78.16 3 0
rich_chat/server_api/database/database_service.go:78.16,80.3 1 0
rich_chat/server_api/database/database_service.go:81.2,94.21 8 0
rich_chat/server_api/database/initialize.go:42.73,51.16 3 0
rich_chat/server_api/database/initialize.go:51.16,53.3 1 0
rich_chat/server_api/database/initialize.go:54.2,66.3 6 0
rich_chat/server_api/database/mocks.go:14.85,17.2 2 1
rich_chat/server_api/database/mocks.go:19.62,21.24 2 1
rich_chat/server_api/database/mocks.go:21.24,23.3 1 1
rich_chat/server_api/database/mocks.go:24.2,24.43 1 1
rich_chat/server_api/database/mocks.go:27.77,29.24 2 1
rich_chat/server_api/database/mocks.go:29.24,31.3 1 0
rich_chat/server_api/database/mocks.go:32.2,32.43 1 1
rich_chat/server_api/database/mocks.go:35.63,38.2 2 1
rich_chat/server_api/database/mocks.go:40.78,43.2 2 0
rich_chat/server_api/database/mocks.go:45.76,47.24 2 1
rich_chat/server_api/database/mocks.go:47.24,49.3 1 0
rich_chat/server_api/database/mocks.go:50.2,50.47 1 1
rich_chat/server_api/database/mocks.go:53.81,56.2 2 1
rich_chat/server_api/database/mocks.go:58.64,61.2 2 1
rich_chat/server_api/database/mocks.go:63.94,66.2 2 1
rich_chat/server_api/database/mocks.go:68.87,71.2 2 1
rich_chat/server_api/database/mocks.go:73.59,76.2 2 1
rich_chat/server_api/database/mocks.go:78.83,80.24 2 1
rich_chat/server_api/database/mocks.go:80.24,82.3 1 0
rich_chat/server_api/database/mocks.go:83.2,83.48 1 1
rich_chat/server_api/database/mocks.go:86.72,89.2 2 1
rich_chat/server_api/database/mocks.go:96.92,99.2 2 0
rich_chat/server_api/database/mocks.go:101.87,104.2 2 0
rich_chat/server_api/database/mocks.go:106.74,109.2 2 0
rich_chat/server_api/database/mocks.go:111.75,114.2 2 0
rich_chat/server_api/database/mocks.go:116.92,119.2 2 0
rich_chat/server_api/database/mocks.go:126.87,129.2 2 0
rich_chat/server_api/database/mocks.go:131.81,134.2 2 0
rich_chat/server_api/database/mocks.go:141.59,144.2 2 1
rich_chat/server_api/database/mocks.go:146.51,148.2 1 1
rich_chat/server_api/database/mocks.go:150.74,152.2 1 1
rich_chat/server_api/database/mocks.go:154.47,156.2 1 1
rich_chat/server_api/database/mocks.go:158.56,161.2 2 1
rich_chat/server_api/database/mocks.go:163.73,165.2 1 1
rich_chat/server_api/database/mocks.go:167.48,169.2 1 0
rich_chat/server_api/database/mocks.go:177.46,179.2 1 1
rich_chat/server_api/database/mocks.go:182.81,184.18 2 0
rich_chat/server_api/database/mocks.go:184.18,186.3 1 0
rich_chat/server_api/database/mocks.go:187.2,187.13 1 0
rich_chat/server_api/database/mocks.go:191.64,194.2 2 1
rich_chat/server_api/database/mocks.go:196.66,199.2 2 0
rich_chat/server_api/database/mocks.go:201.63,203.2 1 1
rich_chat/server_api/database/mocks.go:205.53,207.2 1 1
rich_chat/server_api/database/mocks.go:209.79,211.2 1 1
rich_chat/server_api/database/mocks.go:213.56,215.2 1 0
rich_chat/server_api/database/mocks.go:217.63,220.2 2 1
rich_chat/server_api/database/mocks.go:222.76,224.2 1 1
rich_chat/server_api/database/mocks.go:226.52,228.2 1 1
rich_chat/server_api/database/mocks.go:231.58,243.2 1 1
rich_chat/server_api/database/redis_adapter.go:16.68,20.2 1 1
rich_chat/server_api/database/redis_adapter.go:23.60,25.2 1 1
rich_chat/server_api/database/redis_adapter.go:28.52,30.2 1 1
rich_chat/server_api/database/redis_adapter.go:33.75,35.2 1 1
rich_chat/server_api/database/redis_adapter.go:38.48,40.2 1 1
rich_chat/server_api/database/redis_adapter.go:43.57,45.2 1 1
rich_chat/server_api/database/redis_adapter.go:48.74,50.2 1 1
rich_chat/server_api/database/redis_adapter.go:53.49,55.2 1 1
rich_chat/server_api/database/redis_adapter.go:65.120,71.2 1 1
rich_chat/server_api/database/redis_adapter.go:74.93,78.13 3 1
rich_chat/server_api/database/redis_adapter.go:78.13,84.17 3 1
rich_chat/server_api/database/redis_adapter.go:84.17,89.4 1 0
rich_chat/server_api/database/redis_adapter.go:90.8,96.46 3 1
rich_chat/server_api/database/redis_adapter.go:96.46,110.18 6 1
rich_chat/server_api/database/redis_adapter.go:110.18,115.5 1 0
rich_chat/server_api/database/redis_adapter.go:119.2,119.12 1 1
rich_chat/server_api/database/redis_adapter.go:123.88,126.48 2 1
rich_chat/server_api/database/redis_adapter.go:126.48,128.3 1 1
rich_chat/server_api/database/redis_adapter.go:131.2,132.16 2 1
rich_chat/server_api/database/redis_adapter.go:132.16,138.3 2 0
rich_chat/server_api/database/redis_adapter.go:141.2,141.22 1 1
rich_chat/server_api/database/redis_adapter.go:141.22,143.3 1 1
rich_chat/server_api/database/redis_adapter.go:146.2,146.34 1 1
rich_chat/server_api/database/redis_adapter.go:146.34,149.17 2 1
rich_chat/server_api/database/redis_adapter.go:149.17,154.4 1 0
rich_chat/server_api/database/redis_adapter.go:154.9,159.4 1 1
rich_chat/server_api/database/redis_adapter.go:162.3,165.20 3 1
rich_chat/server_api/database/redis_adapter.go:169.2,169.18 1 1
rich_chat/server_api/database/redis_adapter.go:173.75,180.16 3 1
rich_chat/server_api/database/redis_adapter.go:180.16,182.3 1 1
rich_chat/server_api/database/redis_adapter.go:184.2,184.19 1 1
rich_chat/server_api/database/redis_adapter.go:188.76,193.11 3 1
rich_chat/server_api/database/redis_adapter.go:193.11,195.31 1 1
rich_chat/server_api/database/redis_adapter.go:195.31,201.4 2 1
rich_chat/server_api/database/redis_adapter.go:203.3,203.20 1 0
rich_chat/server_api/database/redis_adapter.go:207.2,209.19 3 1
rich_chat/server_api/database/redis_adapter.go:209.19,216.3 2 1
rich_chat/server_api/database/redis_adapter.go:220.2,222.19 2 1
rich_chat/server_api/database/redis_adapter.go:226.93,249.2 8 1
rich_chat/server_api/database/token_repository.go:17.91,22.2 1 1
rich_chat/server_api/database/token_repository.go:25.88,36.2 5 1
rich_chat/server_api/database/token_repository.go:39.82,44.12 3 1
rich_chat/server_api/database/token_repository.go:44.12,50.3 2 1
rich_chat/server_api/database/token_repository.go:53.2,55.28 2 1
rich_chat/server_api/database/user_repository.go:17.69,21.2 1 0
rich_chat/server_api/database/user_repository.go:24.89,38.16 3 0
rich_chat/server_api/database/user_repository.go:38.16,44.3 2 0
rich_chat/server_api/database/user_repository.go:46.2,51.20 2 0
rich_chat/server_api/database/user_repository.go:55.66,58.16 3 0
rich_chat/server_api/database/user_repository.go:58.16,60.3 1 0
rich_chat/server_api/database/user_repository.go:61.2,61.19 1 0
rich_chat/server_api/database/user_repository.go:65.81,68.16 3 0
rich_chat/server_api/database/user_repository.go:68.16,70.3 1 0
rich_chat/server_api/database/user_repository.go:71.2,71.19 1 0
rich_chat/server_api/database/user_repository.go:75.67,78.16 3 0
rich_chat/server_api/database/user_repository.go:78.16,80.3 1 0
rich_chat/server_api/database/user_repository.go:81.2,81.20 1 0
rich_chat/server_api/database/user_repository.go:85.82,88.16 3 0
rich_chat/server_api/database/user_repository.go:88.16,90.3 1 0
rich_chat/server_api/database/user_repository.go:91.2,91.20 1 0
rich_chat/server_api/database/user_repository.go:95.80,101.16 3 0
rich_chat/server_api/database/user_repository.go:101.16,103.3 1 0
rich_chat/server_api/database/user_repository.go:105.2,105.23 1 0
rich_chat/server_api/database/user_repository.go:109.85,115.26 2 0
rich_chat/server_api/database/user_repository.go:115.26,117.3 1 0
rich_chat/server_api/database/user_repository.go:119.2,123.16 2 0
rich_chat/server_api/database/user_repository.go:123.16,125.3 1 0
rich_chat/server_api/database/user_repository.go:127.2,127.12 1 0
rich_chat/server_api/database/user_repository.go:131.68,133.16 2 0
rich_chat/server_api/database/user_repository.go:133.16,135.3 1 0
rich_chat/server_api/database/user_repository.go:136.2,136.12 1 0
rich_chat/server_api/database/user_repository.go:140.98,141.22 1 0
rich_chat/server_api/database/user_repository.go:141.22,147.17 2 0
rich_chat/server_api/database/user_repository.go:147.17,149.4 1 0
rich_chat/server_api/database/user_repository.go:150.8,156.17 2 0
rich_chat/server_api/database/user_repository.go:156.17,158.4 1 0
rich_chat/server_api/database/user_repository.go:160.2,160.12 1 0
rich_chat/server_api/database/user_repository.go:164.91,169.16 2 0
rich_chat/server_api/database/user_repository.go:169.16,171.3 1 0
rich_chat/server_api/database/user_repository.go:172.2,172.12 1 0
rich_chat/server_api/database/user_repository.go:176.63,178.16 2 0
rich_chat/server_api/database/user_repository.go:178.16,180.3 1 0
rich_chat/server_api/database/user_repository.go:182.2,186.12 2 0
rich_chat/server_api/database/user_repository.go:190.87,197.16 3 0
rich_chat/server_api/database/user_repository.go:197.16,199.3 1 0
rich_chat/server_api/database/user_repository.go:201.2,201.23 1 0
rich_chat/server_api/database/user_repository.go:205.76,210.16 2 0
rich_chat/server_api/database/user_repository.go:210.16,212.3 1 0
rich_chat/server_api/database/user_repository.go:213.2,213.12 1 0
